<?xml version="1.0" encoding="UTF-8"?>
<!-- Generated by org.testng.reporters.JUnitReportReporter -->
<testsuite skipped="0" hostname="AFA" name="cases.TestJenkins" tests="2" failures="0" timestamp="2022-07-02T16:29:50 CST" time="0.004" errors="0">
  <testcase name="Jtest" time="0.004" classname="cases.TestJenkins"/>
  <system-out/>
  <testcase name="Jtest" time="0.000" classname="cases.TestJenkins"/>
  <system-out/>
</testsuite> <!-- cases.TestJenkins -->
