<?xml version="1.0" encoding="UTF-8"?>
<!-- Generated by org.testng.reporters.JUnitReportReporter -->
<testsuite skipped="0" hostname="AFA" name="org.example.AppTest" tests="1" failures="0" timestamp="2022-07-02T16:26:57 CST" time="0.004" errors="0">
  <testcase name="shouldAnswerWithTrue" time="0.004" classname="org.example.AppTest"/>
  <system-out/>
</testsuite> <!-- org.example.AppTest -->
